Arguments: 
  /usr/bin/node /home/piber/.yarn/bin/yarn.js add @graphql-tools

PATH: 
  /home/piber/.yarn/bin:/home/piber/.config/yarn/global/node_modules/.bin:/home/piber/.local/share/pnpm:/usr/local/sbin:/usr/local/bin:/usr/sbin:/usr/bin:/sbin:/bin:/usr/games:/usr/local/games:/snap/bin:/home/piber/.dotnet/tools:/home/piber/dotnet

Yarn version: 
  1.22.19

Node version: 
  18.9.0

Platform: 
  linux x64

Trace: 
  Error: https://registry.yarnpkg.com/@pibernetwork%2fstocks-model: Not found
      at params.callback [as _callback] (/home/piber/.yarn/lib/cli.js:66145:18)
      at self.callback (/home/piber/.yarn/lib/cli.js:140890:22)
      at Request.emit (node:events:513:28)
      at Request.<anonymous> (/home/piber/.yarn/lib/cli.js:141862:10)
      at Request.emit (node:events:513:28)
      at IncomingMessage.<anonymous> (/home/piber/.yarn/lib/cli.js:141784:12)
      at Object.onceWrapper (node:events:627:28)
      at IncomingMessage.emit (node:events:525:35)
      at endReadableNT (node:internal/streams/readable:1359:12)
      at process.processTicksAndRejections (node:internal/process/task_queues:82:21)

npm manifest: 
  {
    "name": "@pibernetwork/stocks-server",
    "version": "0.1.0",
    "description": "",
    "main": "dist/index.js",
    "scripts": {
      "lint": "eslint --ignore-path .gitignore ./src && prettier --check ./src",
      "check": "tsc --noEmit",
      "format": "prettier --write ./src",
      "dev": "nodemon --watch ../stocks-model --watch . --exec ts-node src/index.ts",
      "validate": "pnpm run format && pnpm run lint && pnpm run check"
    },
    "keywords": [],
    "author": "",
    "license": "ISC",
    "dependencies": {
      "@pibernetwork/stocks-model": "workspace:*",
      "@types/cors": "^2.8.12",
      "@types/express": "^4.17.13",
      "@types/node": "^18.7.15",
      "apollo-datasource": "^3.3.2",
      "apollo-server": "^3.10.2",
      "apollo-server-core": "^3.10.2",
      "apollo-server-express": "^3.10.2",
      "cors": "^2.8.5",
      "cross-env": "^7.0.3",
      "dataloader": "^2.1.0",
      "dotenv": "^16.0.2",
      "express": "^4.18.1",
      "graphql": "^16.6.0",
      "mongodb": "^4.9.1"
    },
    "devDependencies": {
      "@finsweet/eslint-config": "^1.1.5",
      "@finsweet/tsconfig": "^1.1.0",
      "@typescript-eslint/eslint-plugin": "^5.36.2",
      "@typescript-eslint/parser": "^5.36.2",
      "esbuild": "^0.15.5",
      "eslint": "^8.23.0",
      "eslint-config-prettier": "^8.5.0",
      "eslint-plugin-prettier": "^4.2.1",
      "nodemon": "^2.0.19",
      "prettier": "^2.7.1",
      "ts-node": "^10.9.1",
      "typescript": "^4.8.3"
    }
  }

yarn manifest: 
  No manifest

Lockfile: 
  No lockfile
